2021-12-09 19:28:17 INFO  Hooks:30 - Logger example :   :::(^_^) TEST EXECUTION START (*_*)
2021-12-09 19:28:43 INFO  Hooks:30 - Logger example :   :::(^_^) TEST EXECUTION START (*_*)
2021-12-09 19:30:25 INFO  Hooks:30 - Logger example :   :::(^_^) TEST EXECUTION START (*_*)
2021-12-09 19:30:50 INFO  Hooks:30 - Logger example :   :::(^_^) TEST EXECUTION START (*_*)
2021-12-09 19:35:33 INFO  Hooks:29 - Logger example :   :::(^_^) TEST EXECUTION START (*_*)
2021-12-09 19:35:41 INFO  OrangeHRMWithPOM:23 - The user wants login as admin
2021-12-09 19:35:48 INFO  OrangeHRMWithPOM:36 - The dashboard is verified
2021-12-09 19:35:57 INFO  Hooks:45 - :::(^_^) END OF TEST EXECUTION (*_*)
2021-12-09 19:35:57 INFO  Hooks:29 - Logger example :   :::(^_^) TEST EXECUTION START (*_*)
2021-12-09 19:36:02 INFO  OrangeHRMWithPOM:23 - The user wants login as admin
2021-12-09 19:36:11 INFO  OrangeHRMWithPOM:36 - The dashboard is verified
2021-12-09 19:36:20 INFO  Hooks:45 - :::(^_^) END OF TEST EXECUTION (*_*)
2021-12-09 19:38:54 INFO  Hooks:29 - Logger example :   :::(^_^) TEST EXECUTION START (*_*)
2021-12-09 19:39:02 INFO  OrangeHRMWithPOM:23 - The user wants login as admin
2021-12-09 19:39:12 INFO  Hooks:45 - :::(^_^) END OF TEST EXECUTION (*_*)
2021-12-09 19:39:12 INFO  Hooks:29 - Logger example :   :::(^_^) TEST EXECUTION START (*_*)
2021-12-09 19:39:18 INFO  OrangeHRMWithPOM:23 - The user wants login as admin
2021-12-09 19:39:29 INFO  Hooks:45 - :::(^_^) END OF TEST EXECUTION (*_*)
2021-12-09 19:46:12 INFO  Hooks:29 - Logger example :   :::(^_^) TEST EXECUTION START (*_*)
2021-12-09 19:46:19 INFO  OrangeHRMWithPOM:23 - The user wants login as admin
2021-12-09 19:46:30 INFO  Hooks:45 - :::(^_^) END OF TEST EXECUTION (*_*)
2021-12-09 19:46:52 INFO  Hooks:29 - Logger example :   :::(^_^) TEST EXECUTION START (*_*)
2021-12-09 19:46:59 INFO  OrangeHRMWithPOM:23 - The user wants login as admin
2021-12-09 19:47:08 INFO  OrangeHRMWithPOM:36 - The dashboard is verified
2021-12-09 19:47:13 INFO  Admin:44 - Clicked add Nationalities
2021-12-09 19:47:14 INFO  Admin:49 - Add new Nationalities
2021-12-09 19:47:16 INFO  Admin:39 - Clicked Save button
2021-12-09 19:47:20 INFO  Hooks:45 - :::(^_^) END OF TEST EXECUTION (*_*)
2021-12-09 20:10:40 INFO  Hooks:29 - Logger example :   :::(^_^) TEST EXECUTION START (*_*)
2021-12-09 20:10:49 INFO  Hooks:45 - :::(^_^) END OF TEST EXECUTION (*_*)
2021-12-09 20:27:07 INFO  Hooks:29 - Logger example :   :::(^_^) TEST EXECUTION START (*_*)
2021-12-09 20:27:19 INFO  Hooks:45 - :::(^_^) END OF TEST EXECUTION (*_*)
2021-12-09 20:29:20 INFO  Hooks:45 - :::(^_^) END OF TEST EXECUTION (*_*)
2021-12-09 20:29:54 INFO  Hooks:45 - :::(^_^) END OF TEST EXECUTION (*_*)
2021-12-09 20:42:01 INFO  Hooks:45 - :::(^_^) END OF TEST EXECUTION (*_*)
2021-12-09 20:42:45 INFO  Hooks:45 - :::(^_^) END OF TEST EXECUTION (*_*)
2021-12-09 20:43:25 INFO  Hooks:45 - :::(^_^) END OF TEST EXECUTION (*_*)
2021-12-09 21:09:40 INFO  Hooks:45 - :::(^_^) END OF TEST EXECUTION (*_*)
2021-12-10 17:25:57 INFO  Hooks:45 - :::(^_^) END OF TEST EXECUTION (*_*)
2021-12-10 17:27:19 INFO  Hooks:45 - :::(^_^) END OF TEST EXECUTION (*_*)
2021-12-10 17:27:19 INFO  Hooks:45 - :::(^_^) END OF TEST EXECUTION (*_*)
2021-12-10 17:29:40 INFO  Hooks:45 - :::(^_^) END OF TEST EXECUTION (*_*)
2021-12-10 17:29:41 INFO  Hooks:45 - :::(^_^) END OF TEST EXECUTION (*_*)
2021-12-10 19:25:02 INFO  Hooks:45 - :::(^_^) END OF TEST EXECUTION (*_*)
2021-12-10 19:25:04 INFO  Hooks:45 - :::(^_^) END OF TEST EXECUTION (*_*)
2021-12-10 19:25:29 INFO  Hooks:45 - :::(^_^) END OF TEST EXECUTION (*_*)
2021-12-10 19:27:09 INFO  Hooks:45 - :::(^_^) END OF TEST EXECUTION (*_*)
2021-12-10 19:27:12 INFO  Hooks:45 - :::(^_^) END OF TEST EXECUTION (*_*)
2021-12-10 19:27:37 INFO  Hooks:45 - :::(^_^) END OF TEST EXECUTION (*_*)
2021-12-10 19:30:40 INFO  OrangeHRMWithPOM:31 - The user wants login as admin
2021-12-10 19:30:40 INFO  Hooks:45 - :::(^_^) END OF TEST EXECUTION (*_*)
2021-12-10 19:30:41 INFO  Hooks:45 - :::(^_^) END OF TEST EXECUTION (*_*)
2021-12-10 19:30:43 INFO  OrangeHRMWithPOM:31 - The user wants login as admin
2021-12-10 19:30:45 INFO  Hooks:45 - :::(^_^) END OF TEST EXECUTION (*_*)
2021-12-10 19:30:47 INFO  OrangeHRMWithPOM:31 - The user wants login as admin
2021-12-10 19:30:49 INFO  Hooks:45 - :::(^_^) END OF TEST EXECUTION (*_*)
2021-12-10 19:30:54 INFO  Hooks:45 - :::(^_^) END OF TEST EXECUTION (*_*)
2021-12-10 19:31:11 INFO  Hooks:45 - :::(^_^) END OF TEST EXECUTION (*_*)
2021-12-10 19:37:06 INFO  OrangeHRMWithPOM:31 - The user wants login as admin
2021-12-10 19:37:07 INFO  Hooks:45 - :::(^_^) END OF TEST EXECUTION (*_*)
2021-12-10 19:37:08 INFO  Hooks:45 - :::(^_^) END OF TEST EXECUTION (*_*)
2021-12-10 19:37:10 INFO  OrangeHRMWithPOM:31 - The user wants login as admin
2021-12-10 19:37:12 INFO  Hooks:45 - :::(^_^) END OF TEST EXECUTION (*_*)
2021-12-10 19:37:14 INFO  OrangeHRMWithPOM:31 - The user wants login as admin
2021-12-10 19:37:16 INFO  Hooks:45 - :::(^_^) END OF TEST EXECUTION (*_*)
2021-12-10 19:37:21 INFO  Hooks:45 - :::(^_^) END OF TEST EXECUTION (*_*)
2021-12-10 19:37:37 INFO  Hooks:45 - :::(^_^) END OF TEST EXECUTION (*_*)
2021-12-10 19:47:15 INFO  Hooks:45 - :::(^_^) END OF TEST EXECUTION (*_*)
2021-12-10 19:47:15 INFO  OrangeHRMWithPOM:31 - The user wants login as admin
2021-12-10 19:47:18 INFO  Hooks:45 - :::(^_^) END OF TEST EXECUTION (*_*)
2021-12-10 19:47:24 INFO  OrangeHRMWithPOM:31 - The user wants login as admin
2021-12-10 19:47:27 INFO  Hooks:45 - :::(^_^) END OF TEST EXECUTION (*_*)
2021-12-10 19:47:30 INFO  OrangeHRMWithPOM:31 - The user wants login as admin
2021-12-10 19:47:35 INFO  Hooks:45 - :::(^_^) END OF TEST EXECUTION (*_*)
2021-12-10 19:47:43 INFO  Hooks:45 - :::(^_^) END OF TEST EXECUTION (*_*)
2021-12-10 19:47:51 INFO  Hooks:45 - :::(^_^) END OF TEST EXECUTION (*_*)
2021-12-10 19:47:55 INFO  Hooks:45 - :::(^_^) END OF TEST EXECUTION (*_*)
2021-12-10 19:47:59 INFO  Hooks:45 - :::(^_^) END OF TEST EXECUTION (*_*)
